<?xml version="1.0" encoding="UTF-8"?>
<!-- Generated by org.testng.reporters.JUnitReportReporter -->
<testsuite skipped="0" hostname="DESKTOP-LDUR2H9" name="responseValidation.StaticResponseValidation" tests="1" failures="0" timestamp="2022-05-11T15:30:53 IST" time="5.917" errors="0">
  <testcase name="staticResponse" time="5.917" classname="responseValidation.StaticResponseValidation"/>
  <system-out/>
</testsuite> <!-- responseValidation.StaticResponseValidation -->
