<?xml version="1.0" encoding="UTF-8"?>
<!-- Generated by org.testng.reporters.JUnitReportReporter -->
<testsuite skipped="0" hostname="DESKTOP-LDUR2H9" name="CRUD_withBDD.GetSingleProjectTest" tests="1" failures="0" timestamp="2022-05-10T16:06:30 IST" time="4.695" errors="0">
  <testcase name="fetchSingleProject" time="4.695" classname="CRUD_withBDD.GetSingleProjectTest"/>
  <system-out/>
</testsuite> <!-- CRUD_withBDD.GetSingleProjectTest -->
