<?xml version="1.0" encoding="UTF-8"?>
<!-- Generated by org.testng.reporters.JUnitReportReporter -->
<testsuite skipped="0" hostname="DESKTOP-LDUR2H9" name="CRUD_withBDD.DeleteProjectTest" tests="1" failures="0" timestamp="2022-05-10T16:23:27 IST" time="4.267" errors="0">
  <testcase name="deleteProject" time="4.267" classname="CRUD_withBDD.DeleteProjectTest"/>
  <system-out/>
</testsuite> <!-- CRUD_withBDD.DeleteProjectTest -->
