<?xml version="1.0" encoding="UTF-8"?>
<!-- Generated by org.testng.reporters.JUnitReportReporter -->
<testsuite skipped="0" hostname="DESKTOP-LDUR2H9" name="CRUD_withoutBDD.GetAllProjectsTest" tests="1" failures="0" timestamp="2022-05-10T17:28:10 IST" time="4.631" errors="0">
  <testcase name="getAllProject" time="4.631" classname="CRUD_withoutBDD.GetAllProjectsTest"/>
  <system-out/>
</testsuite> <!-- CRUD_withoutBDD.GetAllProjectsTest -->
