<?xml version="1.0" encoding="UTF-8"?>
<!-- Generated by org.testng.reporters.JUnitReportReporter -->
<testsuite skipped="0" hostname="DESKTOP-LDUR2H9" name="CRUD_withBDD.CreateProject" tests="1" failures="0" timestamp="2022-05-10T15:52:46 IST" time="6.727" errors="0">
  <testcase name="createProject" time="6.727" classname="CRUD_withBDD.CreateProject"/>
  <system-out/>
</testsuite> <!-- CRUD_withBDD.CreateProject -->
