<?xml version="1.0" encoding="UTF-8"?>
<!-- Generated by org.testng.reporters.JUnitReportReporter -->
<testsuite skipped="0" hostname="DESKTOP-LDUR2H9" name="CRUD_withoutBDD.CreateProjectTest" tests="1" failures="0" timestamp="2022-05-10T17:10:24 IST" time="5.363" errors="0">
  <testcase name="createProject" time="5.363" classname="CRUD_withoutBDD.CreateProjectTest"/>
  <system-out/>
</testsuite> <!-- CRUD_withoutBDD.CreateProjectTest -->
