<?xml version="1.0" encoding="UTF-8"?>
<!-- Generated by org.testng.reporters.JUnitReportReporter -->
<testsuite skipped="0" hostname="DESKTOP-LDUR2H9" name="parameters.QueryParameter" tests="1" failures="0" timestamp="2022-05-11T15:57:33 IST" time="5.214" errors="0">
  <testcase name="queryParameter" time="5.214" classname="parameters.QueryParameter"/>
  <system-out/>
</testsuite> <!-- parameters.QueryParameter -->
