<?xml version="1.0" encoding="UTF-8"?>
<!-- Generated by org.testng.reporters.JUnitReportReporter -->
<testsuite skipped="0" hostname="DESKTOP-LDUR2H9" name="responseValidation.ResponseTimeValidation_usingHamcrest" tests="1" failures="0" timestamp="2022-05-11T22:48:33 IST" time="4.219" errors="0">
  <testcase name="responseTimeValidation" time="4.219" classname="responseValidation.ResponseTimeValidation_usingHamcrest"/>
  <system-out/>
</testsuite> <!-- responseValidation.ResponseTimeValidation_usingHamcrest -->
