<?xml version="1.0" encoding="UTF-8"?>
<!-- Generated by org.testng.reporters.JUnitReportReporter -->
<testsuite skipped="0" hostname="DESKTOP-LDUR2H9" name="DifferentWaysToPost.PostByUsing_Hashmap" tests="1" failures="0" timestamp="2022-05-09T13:21:58 IST" time="5.073" errors="0">
  <testcase name="createProject" time="5.073" classname="DifferentWaysToPost.PostByUsing_Hashmap"/>
  <system-out/>
</testsuite> <!-- DifferentWaysToPost.PostByUsing_Hashmap -->
