<?xml version="1.0" encoding="UTF-8"?>
<!-- Generated by org.testng.reporters.JUnitReportReporter -->
<testsuite skipped="0" hostname="DESKTOP-LDUR2H9" name="CRUD_withBDD.UpdateProjectTest" tests="1" failures="0" timestamp="2022-05-10T18:04:44 IST" time="5.089" errors="0">
  <testcase name="updateProject" time="5.089" classname="CRUD_withBDD.UpdateProjectTest"/>
  <system-out/>
</testsuite> <!-- CRUD_withBDD.UpdateProjectTest -->
