<?xml version="1.0" encoding="UTF-8"?>
<!-- Generated by org.testng.reporters.JUnitReportReporter -->
<testsuite skipped="0" hostname="DESKTOP-LDUR2H9" name="authentication.BearerAuthentication" tests="1" failures="0" timestamp="2022-05-13T10:26:19 IST" time="6.564" errors="0">
  <testcase name="bearerAuth" time="6.564" classname="authentication.BearerAuthentication"/>
  <system-out/>
</testsuite> <!-- authentication.BearerAuthentication -->
