<?xml version="1.0" encoding="UTF-8"?>
<!-- Generated by org.testng.reporters.JUnitReportReporter -->
<testsuite skipped="0" hostname="DESKTOP-LDUR2H9" name="responseValidation.DynamicResponseForPost" tests="1" failures="0" timestamp="2022-05-11T14:48:27 IST" time="12.987" errors="0">
  <testcase name="dynamicResponse" time="12.987" classname="responseValidation.DynamicResponseForPost"/>
  <system-out/>
</testsuite> <!-- responseValidation.DynamicResponseForPost -->
