<?xml version="1.0" encoding="UTF-8"?>
<!-- Generated by org.testng.reporters.JUnitReportReporter -->
<testsuite skipped="0" hostname="DESKTOP-LDUR2H9" name="CRUD_withoutBDD.UpdateProjectTest" tests="1" failures="0" timestamp="2022-05-10T17:46:56 IST" time="5.188" errors="0">
  <testcase name="updateProject" time="5.188" classname="CRUD_withoutBDD.UpdateProjectTest"/>
  <system-out/>
</testsuite> <!-- CRUD_withoutBDD.UpdateProjectTest -->
