<?xml version="1.0" encoding="UTF-8"?>
<!-- Generated by org.testng.reporters.JUnitReportReporter -->
<testsuite skipped="0" hostname="DESKTOP-LDUR2H9" name="DifferentWaysToPost.CreateProject_UsingPojoClass" tests="1" failures="0" timestamp="2022-05-09T17:46:12 IST" time="5.118" errors="0">
  <testcase name="createProjectUsingPojoClass" time="5.118" classname="DifferentWaysToPost.CreateProject_UsingPojoClass"/>
  <system-out/>
</testsuite> <!-- DifferentWaysToPost.CreateProject_UsingPojoClass -->
