<?xml version="1.0" encoding="UTF-8"?>
<!-- Generated by org.testng.reporters.JUnitReportReporter -->
<testsuite skipped="0" hostname="DESKTOP-LDUR2H9" name="DifferentWaysToPost.CreateProject_UsingHashmap" tests="1" failures="0" timestamp="2022-05-09T17:16:29 IST" time="5.105" errors="0">
  <testcase name="createProject" time="5.105" classname="DifferentWaysToPost.CreateProject_UsingHashmap"/>
  <system-out/>
</testsuite> <!-- DifferentWaysToPost.CreateProject_UsingHashmap -->
