<?xml version="1.0" encoding="UTF-8"?>
<!-- Generated by org.testng.reporters.JUnitReportReporter -->
<testsuite skipped="0" hostname="DESKTOP-LDUR2H9" name="authentication.BasicAuthentication" tests="3" failures="0" timestamp="2022-05-12T13:11:17 IST" time="6.247" errors="0">
  <testcase name="basicAuth" time="5.453" classname="authentication.BasicAuthentication"/>
  <system-out/>
  <testcase name="digestiveAuth" time="0.507" classname="authentication.BasicAuthentication"/>
  <system-out/>
  <testcase name="preEmptiveAuth" time="0.287" classname="authentication.BasicAuthentication"/>
  <system-out/>
</testsuite> <!-- authentication.BasicAuthentication -->
