<?xml version="1.0" encoding="UTF-8"?>
<!-- Generated by org.testng.reporters.JUnitReportReporter -->
<testsuite skipped="0" hostname="DESKTOP-LDUR2H9" name="CRUD_withBDD.GetAllProjectsTest" tests="1" failures="0" timestamp="2022-05-11T22:45:08 IST" time="4.429" errors="0">
  <testcase name="getAllProject" time="4.429" classname="CRUD_withBDD.GetAllProjectsTest"/>
  <system-out/>
</testsuite> <!-- CRUD_withBDD.GetAllProjectsTest -->
