<?xml version="1.0" encoding="UTF-8"?>
<!-- Generated by org.testng.reporters.JUnitReportReporter -->
<testsuite skipped="0" hostname="DESKTOP-LDUR2H9" name="responseValidation.DynamicResponseForValidation" tests="1" failures="0" timestamp="2022-05-11T15:15:11 IST" time="5.731" errors="0">
  <testcase name="dynamicResponse" time="5.731" classname="responseValidation.DynamicResponseForValidation"/>
  <system-out/>
</testsuite> <!-- responseValidation.DynamicResponseForValidation -->
