<?xml version="1.0" encoding="UTF-8"?>
<!-- Generated by org.testng.reporters.JUnitReportReporter -->
<testsuite skipped="0" hostname="DESKTOP-LDUR2H9" name="DifferentWaysToPost.CreateProject_UsingJSONObject" tests="1" failures="0" timestamp="2022-05-09T16:50:06 IST" time="4.755" errors="0">
  <testcase name="createProject" time="4.755" classname="DifferentWaysToPost.CreateProject_UsingJSONObject"/>
  <system-out/>
</testsuite> <!-- DifferentWaysToPost.CreateProject_UsingJSONObject -->
