<?xml version="1.0" encoding="UTF-8"?>
<!-- Generated by org.testng.reporters.JUnitReportReporter -->
<testsuite skipped="0" hostname="DESKTOP-LDUR2H9" name="dataDrivenTesting.CreateMultipleProjects_usingDataProvider" tests="3" failures="0" timestamp="2022-05-11T17:04:23 IST" time="7.591" errors="0">
  <testcase name="createMultipleProject" time="0.222" classname="dataDrivenTesting.CreateMultipleProjects_usingDataProvider"/>
  <system-out/>
  <testcase name="createMultipleProject" time="7.217" classname="dataDrivenTesting.CreateMultipleProjects_usingDataProvider"/>
  <system-out/>
  <testcase name="createMultipleProject" time="0.152" classname="dataDrivenTesting.CreateMultipleProjects_usingDataProvider"/>
  <system-out/>
</testsuite> <!-- dataDrivenTesting.CreateMultipleProjects_usingDataProvider -->
