<?xml version="1.0" encoding="UTF-8"?>
<!-- Generated by org.testng.reporters.JUnitReportReporter -->
<testsuite skipped="0" hostname="DESKTOP-LDUR2H9" name="CRUD_withoutBDD.DeleteProjectTest" tests="1" failures="0" timestamp="2022-05-10T17:52:49 IST" time="4.445" errors="0">
  <testcase name="deleteProject" time="4.445" classname="CRUD_withoutBDD.DeleteProjectTest"/>
  <system-out/>
</testsuite> <!-- CRUD_withoutBDD.DeleteProjectTest -->
