<?xml version="1.0" encoding="UTF-8"?>
<!-- Generated by org.testng.reporters.JUnitReportReporter -->
<testsuite skipped="0" hostname="DESKTOP-LDUR2H9" name="requestChaining.RequestChaining_CreateAndGet" tests="1" failures="0" timestamp="2022-05-11T17:35:59 IST" time="6.189" errors="0">
  <testcase name="createDataAndGet" time="6.189" classname="requestChaining.RequestChaining_CreateAndGet"/>
  <system-out/>
</testsuite> <!-- requestChaining.RequestChaining_CreateAndGet -->
