<?xml version="1.0" encoding="UTF-8"?>
<!-- Generated by org.testng.reporters.JUnitReportReporter -->
<testsuite skipped="0" hostname="DESKTOP-LDUR2H9" name="dataDrivenTesting.CreateMultipleProjects" tests="3" failures="0" timestamp="2022-05-11T16:51:07 IST" time="6.695" errors="0">
  <testcase name="createMultipleProject" time="0.122" classname="dataDrivenTesting.CreateMultipleProjects"/>
  <system-out/>
  <testcase name="createMultipleProject" time="6.447" classname="dataDrivenTesting.CreateMultipleProjects"/>
  <system-out/>
  <testcase name="createMultipleProject" time="0.126" classname="dataDrivenTesting.CreateMultipleProjects"/>
  <system-out/>
</testsuite> <!-- dataDrivenTesting.CreateMultipleProjects -->
