<?xml version="1.0" encoding="UTF-8"?>
<!-- Generated by org.testng.reporters.JUnitReportReporter -->
<testsuite skipped="0" hostname="DESKTOP-LDUR2H9" name="CRUD_withoutBDD.GetSingleProjectTest" tests="1" failures="0" timestamp="2022-05-10T17:22:21 IST" time="4.779" errors="0">
  <testcase name="getSingleProject" time="4.779" classname="CRUD_withoutBDD.GetSingleProjectTest"/>
  <system-out/>
</testsuite> <!-- CRUD_withoutBDD.GetSingleProjectTest -->
