<?xml version="1.0" encoding="UTF-8"?>
<!-- Generated by org.testng.reporters.JUnitReportReporter -->
<testsuite skipped="0" hostname="DESKTOP-LDUR2H9" name="parameters.PathParameter" tests="1" failures="0" timestamp="2022-05-11T15:47:29 IST" time="3.837" errors="0">
  <testcase name="pathParameter" time="3.837" classname="parameters.PathParameter"/>
  <system-out/>
</testsuite> <!-- parameters.PathParameter -->
