<?xml version="1.0" encoding="UTF-8"?>
<!-- Generated by org.testng.reporters.JUnitReportReporter -->
<testsuite skipped="0" hostname="DESKTOP-LDUR2H9" name="CRUD_withBDD.CreateProjectTest" tests="1" failures="0" timestamp="2022-05-10T15:56:48 IST" time="5.950" errors="0">
  <testcase name="createProject" time="5.950" classname="CRUD_withBDD.CreateProjectTest"/>
  <system-out/>
</testsuite> <!-- CRUD_withBDD.CreateProjectTest -->
